<?xml version="1.0" encoding="UTF-8"?>
<!-- Generated by org.testng.reporters.JUnitReportReporter -->
<testsuite skipped="0" hostname="EVT02096NB" name="guru.springframework.CreateSeleniumWebDriverTest" tests="3" failures="0" timestamp="11 Kas 2021 13:09:01 GMT" time="8.671" errors="0">
  <testcase name="viewProduct" time="0.483" classname="guru.springframework.CreateSeleniumWebDriverTest"/>
  <testcase name="addNewProduct" time="1.917" classname="guru.springframework.CreateSeleniumWebDriverTest"/>
  <testcase name="editProduct" time="6.271" classname="guru.springframework.CreateSeleniumWebDriverTest"/>
</testsuite> <!-- guru.springframework.CreateSeleniumWebDriverTest -->
